2025-07-22 13:12:53,491 - [MainProcess] WARNING - Threshold config file threshold_config.json not found, using defaults
2025-07-22 13:12:53,491 - [MainProcess] INFO - Sensitivity analysis disabled
2025-07-22 13:12:53,491 - [MainProcess] INFO - Using 4 worker processes
2025-07-22 13:12:53,491 - [MainProcess] INFO - Found 30 JSON files to process
2025-07-22 13:12:53,491 - [MainProcess] INFO - NLP analysis enabled
2025-07-22 13:12:53,491 - [MainProcess] INFO - Threshold configuration saved to: threshold_config.json
2025-07-22 13:12:53,491 - [MainProcess] INFO - Starting parallel main analysis...
2025-07-22 13:12:53,491 - [MainProcess] INFO - Using 4 workers for main analysis
2025-07-22 13:12:58,718 - [SpawnPoolWorker-1] INFO - Processing experiment-non-reasoning-(copy)-session-non_reasoning-2025-07-22-1-13b79ca1.json (1/30)
2025-07-22 13:12:58,719 - [SpawnPoolWorker-2] INFO - Processing experiment-non-reasoning-(copy)-session-non_reasoning-2025-07-22-10-539867fb.json (2/30)
2025-07-22 13:12:58,720 - [SpawnPoolWorker-1] INFO - Initializing NLP models...
2025-07-22 13:12:58,721 - [SpawnPoolWorker-1] INFO - Use pytorch device_name: cuda:0
2025-07-22 13:12:58,721 - [SpawnPoolWorker-1] INFO - Load pretrained SentenceTransformer: all-MiniLM-L6-v2
2025-07-22 13:12:58,721 - [SpawnPoolWorker-2] INFO - Initializing NLP models...
2025-07-22 13:12:58,721 - [SpawnPoolWorker-2] INFO - Use pytorch device_name: cuda:0
2025-07-22 13:12:58,721 - [SpawnPoolWorker-2] INFO - Load pretrained SentenceTransformer: all-MiniLM-L6-v2
2025-07-22 13:12:58,732 - [SpawnPoolWorker-3] INFO - Processing experiment-non-reasoning-(copy)-session-non_reasoning-2025-07-22-11-6377b87e.json (3/30)
2025-07-22 13:12:58,734 - [SpawnPoolWorker-4] INFO - Processing experiment-non-reasoning-(copy)-session-non_reasoning-2025-07-22-12-f12f85f5.json (4/30)
2025-07-22 13:12:58,734 - [SpawnPoolWorker-3] INFO - Initializing NLP models...
2025-07-22 13:12:58,735 - [SpawnPoolWorker-3] INFO - Use pytorch device_name: cuda:0
2025-07-22 13:12:58,735 - [SpawnPoolWorker-3] INFO - Load pretrained SentenceTransformer: all-MiniLM-L6-v2
2025-07-22 13:12:58,736 - [SpawnPoolWorker-4] INFO - Initializing NLP models...
2025-07-22 13:12:58,736 - [SpawnPoolWorker-4] INFO - Use pytorch device_name: cuda:0
2025-07-22 13:12:58,736 - [SpawnPoolWorker-4] INFO - Load pretrained SentenceTransformer: all-MiniLM-L6-v2
2025-07-22 13:12:58,792 - [SpawnPoolWorker-1] INFO - Pre-computing BERT embeddings for phase archetypes...
2025-07-22 13:12:58,793 - [SpawnPoolWorker-2] INFO - Pre-computing BERT embeddings for phase archetypes...
2025-07-22 13:12:58,822 - [SpawnPoolWorker-3] INFO - Pre-computing BERT embeddings for phase archetypes...
2025-07-22 13:12:58,824 - [SpawnPoolWorker-4] INFO - Pre-computing BERT embeddings for phase archetypes...
2025-07-22 13:12:59,797 - [SpawnPoolWorker-1] INFO - Use pytorch device_name: cuda:0
2025-07-22 13:12:59,797 - [SpawnPoolWorker-1] INFO - Load pretrained SentenceTransformer: all-MiniLM-L6-v2
2025-07-22 13:12:59,812 - [SpawnPoolWorker-2] INFO - Use pytorch device_name: cuda:0
2025-07-22 13:12:59,812 - [SpawnPoolWorker-2] INFO - Load pretrained SentenceTransformer: all-MiniLM-L6-v2
2025-07-22 13:12:59,863 - [SpawnPoolWorker-4] INFO - Use pytorch device_name: cuda:0
2025-07-22 13:12:59,863 - [SpawnPoolWorker-4] INFO - Load pretrained SentenceTransformer: all-MiniLM-L6-v2
2025-07-22 13:12:59,883 - [SpawnPoolWorker-3] INFO - Use pytorch device_name: cuda:0
2025-07-22 13:12:59,883 - [SpawnPoolWorker-3] INFO - Load pretrained SentenceTransformer: all-MiniLM-L6-v2
2025-07-22 13:12:59,885 - [SpawnPoolWorker-1] INFO - NLP models loaded successfully
2025-07-22 13:12:59,900 - [SpawnPoolWorker-2] INFO - NLP models loaded successfully
2025-07-22 13:12:59,944 - [SpawnPoolWorker-4] INFO - NLP models loaded successfully
2025-07-22 13:12:59,965 - [SpawnPoolWorker-3] INFO - NLP models loaded successfully
2025-07-22 13:15:20,485 - [SpawnPoolWorker-2] INFO - Processing experiment-non-reasoning-(copy)-session-non_reasoning-2025-07-22-13-3b02354b.json (5/30)
2025-07-22 13:15:20,487 - [SpawnPoolWorker-2] INFO - Initializing NLP models...
2025-07-22 13:15:20,488 - [SpawnPoolWorker-2] INFO - Use pytorch device_name: cuda:0
2025-07-22 13:15:20,488 - [SpawnPoolWorker-2] INFO - Load pretrained SentenceTransformer: all-MiniLM-L6-v2
2025-07-22 13:15:20,561 - [SpawnPoolWorker-2] INFO - Pre-computing BERT embeddings for phase archetypes...
2025-07-22 13:15:21,158 - [SpawnPoolWorker-1] INFO - Processing experiment-non-reasoning-(copy)-session-non_reasoning-2025-07-22-14-20488961.json (6/30)
2025-07-22 13:15:21,161 - [SpawnPoolWorker-1] INFO - Initializing NLP models...
2025-07-22 13:15:21,162 - [SpawnPoolWorker-1] INFO - Use pytorch device_name: cuda:0
2025-07-22 13:15:21,162 - [SpawnPoolWorker-1] INFO - Load pretrained SentenceTransformer: all-MiniLM-L6-v2
2025-07-22 13:15:21,211 - [SpawnPoolWorker-2] INFO - Use pytorch device_name: cuda:0
2025-07-22 13:15:21,212 - [SpawnPoolWorker-2] INFO - Load pretrained SentenceTransformer: all-MiniLM-L6-v2
2025-07-22 13:15:21,235 - [SpawnPoolWorker-1] INFO - Pre-computing BERT embeddings for phase archetypes...
2025-07-22 13:15:21,286 - [SpawnPoolWorker-2] INFO - NLP models loaded successfully
2025-07-22 13:15:21,882 - [SpawnPoolWorker-1] INFO - Use pytorch device_name: cuda:0
2025-07-22 13:15:21,882 - [SpawnPoolWorker-1] INFO - Load pretrained SentenceTransformer: all-MiniLM-L6-v2
2025-07-22 13:15:21,956 - [SpawnPoolWorker-1] INFO - NLP models loaded successfully
2025-07-22 13:15:22,516 - [SpawnPoolWorker-4] INFO - Processing experiment-non-reasoning-(copy)-session-non_reasoning-2025-07-22-15-019a6e58.json (7/30)
2025-07-22 13:15:22,518 - [SpawnPoolWorker-4] INFO - Initializing NLP models...
2025-07-22 13:15:22,519 - [SpawnPoolWorker-4] INFO - Use pytorch device_name: cuda:0
2025-07-22 13:15:22,519 - [SpawnPoolWorker-4] INFO - Load pretrained SentenceTransformer: all-MiniLM-L6-v2
2025-07-22 13:15:22,597 - [SpawnPoolWorker-4] INFO - Pre-computing BERT embeddings for phase archetypes...
2025-07-22 13:15:23,121 - [SpawnPoolWorker-3] INFO - Processing experiment-non-reasoning-(copy)-session-non_reasoning-2025-07-22-2-5e2c67ab.json (8/30)
2025-07-22 13:15:23,123 - [SpawnPoolWorker-3] INFO - Initializing NLP models...
2025-07-22 13:15:23,123 - [SpawnPoolWorker-3] INFO - Use pytorch device_name: cuda:0
2025-07-22 13:15:23,123 - [SpawnPoolWorker-3] INFO - Load pretrained SentenceTransformer: all-MiniLM-L6-v2
2025-07-22 13:15:23,199 - [SpawnPoolWorker-3] INFO - Pre-computing BERT embeddings for phase archetypes...
2025-07-22 13:15:23,275 - [SpawnPoolWorker-4] INFO - Use pytorch device_name: cuda:0
2025-07-22 13:15:23,275 - [SpawnPoolWorker-4] INFO - Load pretrained SentenceTransformer: all-MiniLM-L6-v2
2025-07-22 13:15:23,345 - [SpawnPoolWorker-4] INFO - NLP models loaded successfully
2025-07-22 13:15:23,882 - [SpawnPoolWorker-3] INFO - Use pytorch device_name: cuda:0
2025-07-22 13:15:23,882 - [SpawnPoolWorker-3] INFO - Load pretrained SentenceTransformer: all-MiniLM-L6-v2
2025-07-22 13:15:23,959 - [SpawnPoolWorker-3] INFO - NLP models loaded successfully
2025-07-22 13:17:42,802 - [SpawnPoolWorker-2] INFO - Processing experiment-non-reasoning-(copy)-session-non_reasoning-2025-07-22-3-89bddc76.json (9/30)
2025-07-22 13:17:42,802 - [MainProcess] INFO - Progress: 5/30 files (17%) - 0.0 files/sec
2025-07-22 13:17:42,804 - [SpawnPoolWorker-2] INFO - Initializing NLP models...
2025-07-22 13:17:42,804 - [SpawnPoolWorker-2] INFO - Use pytorch device_name: cuda:0
2025-07-22 13:17:42,804 - [SpawnPoolWorker-2] INFO - Load pretrained SentenceTransformer: all-MiniLM-L6-v2
2025-07-22 13:17:42,882 - [SpawnPoolWorker-2] INFO - Pre-computing BERT embeddings for phase archetypes...
2025-07-22 13:17:43,578 - [SpawnPoolWorker-2] INFO - Use pytorch device_name: cuda:0
2025-07-22 13:17:43,579 - [SpawnPoolWorker-2] INFO - Load pretrained SentenceTransformer: all-MiniLM-L6-v2
2025-07-22 13:17:43,656 - [SpawnPoolWorker-2] INFO - NLP models loaded successfully
2025-07-22 13:17:44,890 - [SpawnPoolWorker-1] INFO - Processing experiment-non-reasoning-(copy)-session-non_reasoning-2025-07-22-4-d69ee92b.json (10/30)
2025-07-22 13:17:44,892 - [SpawnPoolWorker-1] INFO - Initializing NLP models...
2025-07-22 13:17:44,893 - [SpawnPoolWorker-1] INFO - Use pytorch device_name: cuda:0
2025-07-22 13:17:44,893 - [SpawnPoolWorker-1] INFO - Load pretrained SentenceTransformer: all-MiniLM-L6-v2
2025-07-22 13:17:44,976 - [SpawnPoolWorker-1] INFO - Pre-computing BERT embeddings for phase archetypes...
2025-07-22 13:17:45,641 - [SpawnPoolWorker-1] INFO - Use pytorch device_name: cuda:0
2025-07-22 13:17:45,641 - [SpawnPoolWorker-1] INFO - Load pretrained SentenceTransformer: all-MiniLM-L6-v2
2025-07-22 13:17:45,655 - [SpawnPoolWorker-4] INFO - Processing experiment-non-reasoning-(copy)-session-non_reasoning-2025-07-22-5-353418ad.json (11/30)
2025-07-22 13:17:45,657 - [SpawnPoolWorker-4] INFO - Initializing NLP models...
2025-07-22 13:17:45,657 - [SpawnPoolWorker-4] INFO - Use pytorch device_name: cuda:0
2025-07-22 13:17:45,657 - [SpawnPoolWorker-4] INFO - Load pretrained SentenceTransformer: all-MiniLM-L6-v2
2025-07-22 13:17:45,713 - [SpawnPoolWorker-1] INFO - NLP models loaded successfully
2025-07-22 13:17:45,741 - [SpawnPoolWorker-4] INFO - Pre-computing BERT embeddings for phase archetypes...
2025-07-22 13:17:45,844 - [SpawnPoolWorker-3] INFO - Processing experiment-non-reasoning-(copy)-session-non_reasoning-2025-07-22-6-854affef.json (12/30)
2025-07-22 13:17:45,846 - [SpawnPoolWorker-3] INFO - Initializing NLP models...
2025-07-22 13:17:45,847 - [SpawnPoolWorker-3] INFO - Use pytorch device_name: cuda:0
2025-07-22 13:17:45,847 - [SpawnPoolWorker-3] INFO - Load pretrained SentenceTransformer: all-MiniLM-L6-v2
2025-07-22 13:17:45,925 - [SpawnPoolWorker-3] INFO - Pre-computing BERT embeddings for phase archetypes...
2025-07-22 13:17:46,445 - [SpawnPoolWorker-4] INFO - Use pytorch device_name: cuda:0
2025-07-22 13:17:46,445 - [SpawnPoolWorker-4] INFO - Load pretrained SentenceTransformer: all-MiniLM-L6-v2
2025-07-22 13:17:46,524 - [SpawnPoolWorker-4] INFO - NLP models loaded successfully
2025-07-22 13:17:46,641 - [SpawnPoolWorker-3] INFO - Use pytorch device_name: cuda:0
2025-07-22 13:17:46,641 - [SpawnPoolWorker-3] INFO - Load pretrained SentenceTransformer: all-MiniLM-L6-v2
2025-07-22 13:17:46,722 - [SpawnPoolWorker-3] INFO - NLP models loaded successfully
2025-07-22 13:20:04,600 - [SpawnPoolWorker-2] INFO - Processing experiment-non-reasoning-(copy)-session-non_reasoning-2025-07-22-7-1bd0e852.json (13/30)
2025-07-22 13:20:04,601 - [SpawnPoolWorker-2] INFO - Initializing NLP models...
2025-07-22 13:20:04,602 - [SpawnPoolWorker-2] INFO - Use pytorch device_name: cuda:0
2025-07-22 13:20:04,602 - [SpawnPoolWorker-2] INFO - Load pretrained SentenceTransformer: all-MiniLM-L6-v2
2025-07-22 13:20:04,680 - [SpawnPoolWorker-2] INFO - Pre-computing BERT embeddings for phase archetypes...
2025-07-22 13:20:05,347 - [SpawnPoolWorker-2] INFO - Use pytorch device_name: cuda:0
2025-07-22 13:20:05,348 - [SpawnPoolWorker-2] INFO - Load pretrained SentenceTransformer: all-MiniLM-L6-v2
2025-07-22 13:20:05,424 - [SpawnPoolWorker-2] INFO - NLP models loaded successfully
2025-07-22 13:20:07,945 - [SpawnPoolWorker-1] INFO - Processing experiment-non-reasoning-(copy)-session-non_reasoning-2025-07-22-8-606eaf92.json (14/30)
2025-07-22 13:20:07,945 - [MainProcess] INFO - Progress: 10/30 files (33%) - 0.0 files/sec
2025-07-22 13:20:07,955 - [SpawnPoolWorker-1] INFO - Initializing NLP models...
2025-07-22 13:20:07,956 - [SpawnPoolWorker-1] INFO - Use pytorch device_name: cuda:0
2025-07-22 13:20:07,956 - [SpawnPoolWorker-1] INFO - Load pretrained SentenceTransformer: all-MiniLM-L6-v2
2025-07-22 13:20:08,035 - [SpawnPoolWorker-1] INFO - Pre-computing BERT embeddings for phase archetypes...
2025-07-22 13:20:08,698 - [SpawnPoolWorker-1] INFO - Use pytorch device_name: cuda:0
2025-07-22 13:20:08,698 - [SpawnPoolWorker-1] INFO - Load pretrained SentenceTransformer: all-MiniLM-L6-v2
2025-07-22 13:20:08,773 - [SpawnPoolWorker-1] INFO - NLP models loaded successfully
2025-07-22 13:20:08,914 - [SpawnPoolWorker-3] INFO - Processing experiment-non-reasoning-(copy)-session-non_reasoning-2025-07-22-9-bb1ad0d4.json (15/30)
2025-07-22 13:20:08,916 - [SpawnPoolWorker-3] INFO - Initializing NLP models...
2025-07-22 13:20:08,917 - [SpawnPoolWorker-3] INFO - Use pytorch device_name: cuda:0
2025-07-22 13:20:08,917 - [SpawnPoolWorker-3] INFO - Load pretrained SentenceTransformer: all-MiniLM-L6-v2
2025-07-22 13:20:08,999 - [SpawnPoolWorker-3] INFO - Pre-computing BERT embeddings for phase archetypes...
2025-07-22 13:20:09,653 - [SpawnPoolWorker-3] INFO - Use pytorch device_name: cuda:0
2025-07-22 13:20:09,653 - [SpawnPoolWorker-3] INFO - Load pretrained SentenceTransformer: all-MiniLM-L6-v2
2025-07-22 13:20:09,728 - [SpawnPoolWorker-3] INFO - NLP models loaded successfully
2025-07-22 13:20:16,086 - [SpawnPoolWorker-4] INFO - Processing experiment-non-reasoning-session-non_reasoning-2025-07-22-1-293d35c5.json (16/30)
2025-07-22 13:20:16,089 - [SpawnPoolWorker-4] INFO - Initializing NLP models...
2025-07-22 13:20:16,089 - [SpawnPoolWorker-4] INFO - Use pytorch device_name: cuda:0
2025-07-22 13:20:16,089 - [SpawnPoolWorker-4] INFO - Load pretrained SentenceTransformer: all-MiniLM-L6-v2
2025-07-22 13:20:16,165 - [SpawnPoolWorker-4] INFO - Pre-computing BERT embeddings for phase archetypes...
2025-07-22 13:20:16,841 - [SpawnPoolWorker-4] INFO - Use pytorch device_name: cuda:0
2025-07-22 13:20:16,842 - [SpawnPoolWorker-4] INFO - Load pretrained SentenceTransformer: all-MiniLM-L6-v2
2025-07-22 13:20:16,918 - [SpawnPoolWorker-4] INFO - NLP models loaded successfully
2025-07-22 13:22:26,924 - [SpawnPoolWorker-2] INFO - Processing experiment-non-reasoning-session-non_reasoning-2025-07-22-10-1b24aa81.json (17/30)
2025-07-22 13:22:26,926 - [SpawnPoolWorker-2] INFO - Initializing NLP models...
2025-07-22 13:22:26,927 - [SpawnPoolWorker-2] INFO - Use pytorch device_name: cuda:0
2025-07-22 13:22:26,927 - [SpawnPoolWorker-2] INFO - Load pretrained SentenceTransformer: all-MiniLM-L6-v2
2025-07-22 13:22:27,000 - [SpawnPoolWorker-2] INFO - Pre-computing BERT embeddings for phase archetypes...
2025-07-22 13:22:27,654 - [SpawnPoolWorker-2] INFO - Use pytorch device_name: cuda:0
2025-07-22 13:22:27,654 - [SpawnPoolWorker-2] INFO - Load pretrained SentenceTransformer: all-MiniLM-L6-v2
2025-07-22 13:22:27,970 - [SpawnPoolWorker-2] INFO - NLP models loaded successfully
2025-07-22 13:22:32,341 - [SpawnPoolWorker-3] INFO - Processing experiment-non-reasoning-session-non_reasoning-2025-07-22-11-d43ef8b3.json (18/30)
2025-07-22 13:22:32,344 - [SpawnPoolWorker-3] INFO - Initializing NLP models...
2025-07-22 13:22:32,344 - [SpawnPoolWorker-3] INFO - Use pytorch device_name: cuda:0
2025-07-22 13:22:32,344 - [SpawnPoolWorker-3] INFO - Load pretrained SentenceTransformer: all-MiniLM-L6-v2
2025-07-22 13:22:32,421 - [SpawnPoolWorker-3] INFO - Pre-computing BERT embeddings for phase archetypes...
2025-07-22 13:22:32,917 - [SpawnPoolWorker-1] INFO - Processing experiment-non-reasoning-session-non_reasoning-2025-07-22-12-d9b79171.json (19/30)
2025-07-22 13:22:32,917 - [MainProcess] INFO - Progress: 15/30 files (50%) - 0.0 files/sec
2025-07-22 13:22:32,920 - [SpawnPoolWorker-1] INFO - Initializing NLP models...
2025-07-22 13:22:32,921 - [SpawnPoolWorker-1] INFO - Use pytorch device_name: cuda:0
2025-07-22 13:22:32,921 - [SpawnPoolWorker-1] INFO - Load pretrained SentenceTransformer: all-MiniLM-L6-v2
2025-07-22 13:22:32,995 - [SpawnPoolWorker-1] INFO - Pre-computing BERT embeddings for phase archetypes...
2025-07-22 13:22:33,090 - [SpawnPoolWorker-3] INFO - Use pytorch device_name: cuda:0
2025-07-22 13:22:33,090 - [SpawnPoolWorker-3] INFO - Load pretrained SentenceTransformer: all-MiniLM-L6-v2
2025-07-22 13:22:33,160 - [SpawnPoolWorker-3] INFO - NLP models loaded successfully
2025-07-22 13:22:33,645 - [SpawnPoolWorker-1] INFO - Use pytorch device_name: cuda:0
2025-07-22 13:22:33,645 - [SpawnPoolWorker-1] INFO - Load pretrained SentenceTransformer: all-MiniLM-L6-v2
2025-07-22 13:22:33,971 - [SpawnPoolWorker-1] INFO - NLP models loaded successfully
2025-07-22 13:22:47,107 - [SpawnPoolWorker-4] INFO - Processing experiment-non-reasoning-session-non_reasoning-2025-07-22-13-eadf803c.json (20/30)
2025-07-22 13:22:47,110 - [SpawnPoolWorker-4] INFO - Initializing NLP models...
2025-07-22 13:22:47,110 - [SpawnPoolWorker-4] INFO - Use pytorch device_name: cuda:0
2025-07-22 13:22:47,110 - [SpawnPoolWorker-4] INFO - Load pretrained SentenceTransformer: all-MiniLM-L6-v2
2025-07-22 13:22:47,191 - [SpawnPoolWorker-4] INFO - Pre-computing BERT embeddings for phase archetypes...
2025-07-22 13:22:48,117 - [SpawnPoolWorker-4] INFO - Use pytorch device_name: cuda:0
2025-07-22 13:22:48,117 - [SpawnPoolWorker-4] INFO - Load pretrained SentenceTransformer: all-MiniLM-L6-v2
2025-07-22 13:22:48,199 - [SpawnPoolWorker-4] INFO - NLP models loaded successfully
2025-07-22 13:25:01,685 - [SpawnPoolWorker-2] INFO - Processing experiment-non-reasoning-session-non_reasoning-2025-07-22-14-93d29378.json (21/30)
2025-07-22 13:25:01,688 - [SpawnPoolWorker-2] INFO - Initializing NLP models...
2025-07-22 13:25:01,688 - [SpawnPoolWorker-2] INFO - Use pytorch device_name: cuda:0
2025-07-22 13:25:01,688 - [SpawnPoolWorker-2] INFO - Load pretrained SentenceTransformer: all-MiniLM-L6-v2
2025-07-22 13:25:01,762 - [SpawnPoolWorker-2] INFO - Pre-computing BERT embeddings for phase archetypes...
2025-07-22 13:25:02,439 - [SpawnPoolWorker-2] INFO - Use pytorch device_name: cuda:0
2025-07-22 13:25:02,439 - [SpawnPoolWorker-2] INFO - Load pretrained SentenceTransformer: all-MiniLM-L6-v2
2025-07-22 13:25:02,511 - [SpawnPoolWorker-2] INFO - NLP models loaded successfully
2025-07-22 13:25:05,604 - [SpawnPoolWorker-3] INFO - Processing experiment-non-reasoning-session-non_reasoning-2025-07-22-15-2af87a21.json (22/30)
2025-07-22 13:25:05,607 - [SpawnPoolWorker-3] INFO - Initializing NLP models...
2025-07-22 13:25:05,607 - [SpawnPoolWorker-3] INFO - Use pytorch device_name: cuda:0
2025-07-22 13:25:05,607 - [SpawnPoolWorker-3] INFO - Load pretrained SentenceTransformer: all-MiniLM-L6-v2
2025-07-22 13:25:05,692 - [SpawnPoolWorker-3] INFO - Pre-computing BERT embeddings for phase archetypes...
2025-07-22 13:25:06,353 - [SpawnPoolWorker-3] INFO - Use pytorch device_name: cuda:0
2025-07-22 13:25:06,353 - [SpawnPoolWorker-3] INFO - Load pretrained SentenceTransformer: all-MiniLM-L6-v2
2025-07-22 13:25:06,425 - [SpawnPoolWorker-3] INFO - NLP models loaded successfully
2025-07-22 13:25:13,240 - [SpawnPoolWorker-1] INFO - Processing experiment-non-reasoning-session-non_reasoning-2025-07-22-2-f1a4ad4c.json (23/30)
2025-07-22 13:25:13,243 - [SpawnPoolWorker-1] INFO - Initializing NLP models...
2025-07-22 13:25:13,243 - [SpawnPoolWorker-1] INFO - Use pytorch device_name: cuda:0
2025-07-22 13:25:13,243 - [SpawnPoolWorker-1] INFO - Load pretrained SentenceTransformer: all-MiniLM-L6-v2
2025-07-22 13:25:13,340 - [SpawnPoolWorker-1] INFO - Pre-computing BERT embeddings for phase archetypes...
2025-07-22 13:25:14,033 - [SpawnPoolWorker-1] INFO - Use pytorch device_name: cuda:0
2025-07-22 13:25:14,034 - [SpawnPoolWorker-1] INFO - Load pretrained SentenceTransformer: all-MiniLM-L6-v2
2025-07-22 13:25:14,110 - [SpawnPoolWorker-1] INFO - NLP models loaded successfully
2025-07-22 13:25:22,467 - [SpawnPoolWorker-4] INFO - Processing experiment-non-reasoning-session-non_reasoning-2025-07-22-3-d18059dc.json (24/30)
2025-07-22 13:25:22,468 - [MainProcess] INFO - Progress: 20/30 files (67%) - 0.0 files/sec
2025-07-22 13:25:22,470 - [SpawnPoolWorker-4] INFO - Initializing NLP models...
2025-07-22 13:25:22,471 - [SpawnPoolWorker-4] INFO - Use pytorch device_name: cuda:0
2025-07-22 13:25:22,471 - [SpawnPoolWorker-4] INFO - Load pretrained SentenceTransformer: all-MiniLM-L6-v2
2025-07-22 13:25:22,554 - [SpawnPoolWorker-4] INFO - Pre-computing BERT embeddings for phase archetypes...
2025-07-22 13:25:23,222 - [SpawnPoolWorker-4] INFO - Use pytorch device_name: cuda:0
2025-07-22 13:25:23,222 - [SpawnPoolWorker-4] INFO - Load pretrained SentenceTransformer: all-MiniLM-L6-v2
2025-07-22 13:25:23,299 - [SpawnPoolWorker-4] INFO - NLP models loaded successfully
2025-07-22 13:27:40,579 - [SpawnPoolWorker-2] INFO - Processing experiment-non-reasoning-session-non_reasoning-2025-07-22-4-720fe6bb.json (25/30)
2025-07-22 13:27:40,582 - [SpawnPoolWorker-2] INFO - Initializing NLP models...
2025-07-22 13:27:40,583 - [SpawnPoolWorker-2] INFO - Use pytorch device_name: cuda:0
2025-07-22 13:27:40,583 - [SpawnPoolWorker-2] INFO - Load pretrained SentenceTransformer: all-MiniLM-L6-v2
2025-07-22 13:27:40,657 - [SpawnPoolWorker-2] INFO - Pre-computing BERT embeddings for phase archetypes...
2025-07-22 13:27:41,333 - [SpawnPoolWorker-2] INFO - Use pytorch device_name: cuda:0
2025-07-22 13:27:41,333 - [SpawnPoolWorker-2] INFO - Load pretrained SentenceTransformer: all-MiniLM-L6-v2
2025-07-22 13:27:41,398 - [SpawnPoolWorker-2] INFO - NLP models loaded successfully
2025-07-22 13:27:44,056 - [SpawnPoolWorker-3] INFO - Processing experiment-non-reasoning-session-non_reasoning-2025-07-22-5-6e32549a.json (26/30)
2025-07-22 13:27:44,058 - [SpawnPoolWorker-3] INFO - Initializing NLP models...
2025-07-22 13:27:44,059 - [SpawnPoolWorker-3] INFO - Use pytorch device_name: cuda:0
2025-07-22 13:27:44,059 - [SpawnPoolWorker-3] INFO - Load pretrained SentenceTransformer: all-MiniLM-L6-v2
2025-07-22 13:27:44,133 - [SpawnPoolWorker-3] INFO - Pre-computing BERT embeddings for phase archetypes...
2025-07-22 13:27:44,806 - [SpawnPoolWorker-3] INFO - Use pytorch device_name: cuda:0
2025-07-22 13:27:44,806 - [SpawnPoolWorker-3] INFO - Load pretrained SentenceTransformer: all-MiniLM-L6-v2
2025-07-22 13:27:44,873 - [SpawnPoolWorker-3] INFO - NLP models loaded successfully
2025-07-22 13:27:57,883 - [SpawnPoolWorker-1] INFO - Processing experiment-non-reasoning-session-non_reasoning-2025-07-22-6-3af4178b.json (27/30)
2025-07-22 13:27:57,886 - [SpawnPoolWorker-1] INFO - Initializing NLP models...
2025-07-22 13:27:57,886 - [SpawnPoolWorker-1] INFO - Use pytorch device_name: cuda:0
2025-07-22 13:27:57,886 - [SpawnPoolWorker-1] INFO - Load pretrained SentenceTransformer: all-MiniLM-L6-v2
2025-07-22 13:27:57,970 - [SpawnPoolWorker-1] INFO - Pre-computing BERT embeddings for phase archetypes...
2025-07-22 13:27:58,630 - [SpawnPoolWorker-1] INFO - Use pytorch device_name: cuda:0
2025-07-22 13:27:58,631 - [SpawnPoolWorker-1] INFO - Load pretrained SentenceTransformer: all-MiniLM-L6-v2
2025-07-22 13:27:58,707 - [SpawnPoolWorker-1] INFO - NLP models loaded successfully
2025-07-22 13:27:59,258 - [SpawnPoolWorker-4] INFO - Processing experiment-non-reasoning-session-non_reasoning-2025-07-22-7-e31bb8bf.json (28/30)
2025-07-22 13:27:59,260 - [SpawnPoolWorker-4] INFO - Initializing NLP models...
2025-07-22 13:27:59,261 - [SpawnPoolWorker-4] INFO - Use pytorch device_name: cuda:0
2025-07-22 13:27:59,261 - [SpawnPoolWorker-4] INFO - Load pretrained SentenceTransformer: all-MiniLM-L6-v2
2025-07-22 13:27:59,339 - [SpawnPoolWorker-4] INFO - Pre-computing BERT embeddings for phase archetypes...
2025-07-22 13:27:59,998 - [SpawnPoolWorker-4] INFO - Use pytorch device_name: cuda:0
2025-07-22 13:27:59,998 - [SpawnPoolWorker-4] INFO - Load pretrained SentenceTransformer: all-MiniLM-L6-v2
2025-07-22 13:28:00,071 - [SpawnPoolWorker-4] INFO - NLP models loaded successfully
2025-07-22 13:30:11,560 - [SpawnPoolWorker-2] INFO - Processing experiment-non-reasoning-session-non_reasoning-2025-07-22-8-bcc004cb.json (29/30)
2025-07-22 13:30:11,560 - [MainProcess] INFO - Progress: 25/30 files (83%) - 0.0 files/sec
2025-07-22 13:30:11,563 - [SpawnPoolWorker-2] INFO - Initializing NLP models...
2025-07-22 13:30:11,563 - [SpawnPoolWorker-2] INFO - Use pytorch device_name: cuda:0
2025-07-22 13:30:11,563 - [SpawnPoolWorker-2] INFO - Load pretrained SentenceTransformer: all-MiniLM-L6-v2
2025-07-22 13:30:11,640 - [SpawnPoolWorker-2] INFO - Pre-computing BERT embeddings for phase archetypes...
2025-07-22 13:30:12,334 - [SpawnPoolWorker-2] INFO - Use pytorch device_name: cuda:0
2025-07-22 13:30:12,334 - [SpawnPoolWorker-2] INFO - Load pretrained SentenceTransformer: all-MiniLM-L6-v2
2025-07-22 13:30:12,415 - [SpawnPoolWorker-2] INFO - NLP models loaded successfully
2025-07-22 13:30:15,819 - [SpawnPoolWorker-3] INFO - Processing experiment-non-reasoning-session-non_reasoning-2025-07-22-9-87f3543a.json (30/30)
2025-07-22 13:30:15,822 - [SpawnPoolWorker-3] INFO - Initializing NLP models...
2025-07-22 13:30:15,822 - [SpawnPoolWorker-3] INFO - Use pytorch device_name: cuda:0
2025-07-22 13:30:15,822 - [SpawnPoolWorker-3] INFO - Load pretrained SentenceTransformer: all-MiniLM-L6-v2
2025-07-22 13:30:15,896 - [SpawnPoolWorker-3] INFO - Pre-computing BERT embeddings for phase archetypes...
2025-07-22 13:30:16,541 - [SpawnPoolWorker-3] INFO - Use pytorch device_name: cuda:0
2025-07-22 13:30:16,542 - [SpawnPoolWorker-3] INFO - Load pretrained SentenceTransformer: all-MiniLM-L6-v2
2025-07-22 13:30:16,613 - [SpawnPoolWorker-3] INFO - NLP models loaded successfully
2025-07-22 13:32:29,008 - [MainProcess] INFO - Progress: 30/30 files (100%) - 0.0 files/sec
2025-07-22 13:32:29,290 - [MainProcess] INFO - Main analysis completed in 1175.8 seconds
2025-07-22 13:32:29,292 - [MainProcess] INFO - CSV generated: conversation_analysis_enhanced.csv
2025-07-22 13:32:29,292 - [MainProcess] INFO - Processed 30 files
2025-07-22 13:32:29,292 - [MainProcess] INFO - Metric mapping saved to: metric_mapping.json
2025-07-22 13:32:29,292 - [MainProcess] INFO - Performing statistical analysis...
2025-07-22 13:32:29,304 - [MainProcess] INFO - Generating final report...
2025-07-22 13:32:29,306 - [MainProcess] INFO - Statistical report saved to: analysis_report.txt
2025-07-22 13:32:29,307 - [MainProcess] INFO - Total processing time: 19.6 minutes
